<?xml version="1.0" encoding="UTF-8"?>
<!-- Generated by org.testng.reporters.JUnitXMLReporter -->
<testsuite ignored="0" hostname="DESKTOP-99P843S" failures="0" tests="1" name="edgeTest" time="39.283" errors="0" timestamp="2023-08-20T17:31:35 IST">
  <testcase classname="com.villeos.Villeos_Web_app.Base_class" name="@BeforeTest Setup" time="0.306">
    <failure type="org.openqa.selenium.remote.NoSuchDriverException" message="safaridriver located at C:\usr\bin\safaridriver, but invalid
For documentation on this error, please visit: https://www.selenium.dev/documentation/webdriver/troubleshooting/errors/driver_location/
Build info: version: &amp;apos;4.10.0&amp;apos;, revision: &amp;apos;c14d967899&amp;apos;
System info: os.name: &amp;apos;Windows 10&amp;apos;, os.arch: &amp;apos;amd64&amp;apos;, os.version: &amp;apos;10.0&amp;apos;, java.version: &amp;apos;17.0.6&amp;apos;
Driver info: driver.version: SafariDriver">
      <![CDATA[org.openqa.selenium.remote.NoSuchDriverException: safaridriver located at C:\usr\bin\safaridriver, but invalid
For documentation on this error, please visit: https://www.selenium.dev/documentation/webdriver/troubleshooting/errors/driver_location/
Build info: version: '4.10.0', revision: 'c14d967899'
System info: os.name: 'Windows 10', os.arch: 'amd64', os.version: '10.0', java.version: '17.0.6'
Driver info: driver.version: SafariDriver
at org.openqa.selenium.remote.service.DriverFinder.getPath(DriverFinder.java:45)
at org.openqa.selenium.safari.SafariDriver.generateExecutor(SafariDriver.java:94)
at org.openqa.selenium.safari.SafariDriver.<init>(SafariDriver.java:83)
at org.openqa.selenium.safari.SafariDriver.<init>(SafariDriver.java:79)
at org.openqa.selenium.safari.SafariDriver.<init>(SafariDriver.java:56)
at org.openqa.selenium.safari.SafariDriver.<init>(SafariDriver.java:47)
at com.villeos.Villeos_Web_app.Base_class.Setup(Base_class.java:44)
at java.base/java.util.concurrent.FutureTask.run(FutureTask.java:264)
at java.base/java.util.concurrent.ThreadPoolExecutor.runWorker(ThreadPoolExecutor.java:1136)
at java.base/java.util.concurrent.ThreadPoolExecutor$Worker.run(ThreadPoolExecutor.java:635)
at java.base/java.lang.Thread.run(Thread.java:833)
... Removed 14 stack frames]]>
    </failure>
  </testcase> <!-- @BeforeTest Setup -->
  <testcase classname="com.villeos.Villeos_Web_app.Base_class" name="@AfterTest Teardown" time="0.0">
    <skipped/>
  </testcase> <!-- @AfterTest Teardown -->
  <testcase classname="com.villeos.Villeos_Web_app.NewTest" name="url" time="28.805"/>
</testsuite> <!-- edgeTest -->
