<?xml version="1.0" encoding="UTF-8"?>
<testng-results ignored="0" total="4" passed="3" failed="0" skipped="1">
  <reporter-output>
  </reporter-output>
  <suite started-at="2023-08-19T07:55:51 IST" name="Suite" finished-at="2023-08-19T07:56:25 IST" duration-ms="34656">
    <groups>
    </groups>
    <test started-at="2023-08-19T07:55:51 IST" name="safariTest" finished-at="2023-08-19T07:55:51 IST" duration-ms="411">
      <class name="com.villeos.Villeos_Web_app.NewTest">
        <test-method is-config="true" signature="Setup(java.lang.String)[pri:0, instance:com.villeos.Villeos_Web_app.NewTest@2e385cce]" started-at="2023-08-19T07:55:51 IST" name="Setup" finished-at="2023-08-19T07:55:51 IST" duration-ms="263" status="FAIL">
          <params>
            <param index="0">
              <value>
                <![CDATA[safari]]>
              </value>
            </param>
          </params>
          <exception class="org.openqa.selenium.remote.NoSuchDriverException">
            <message>
              <![CDATA[safaridriver located at C:\usr\bin\safaridriver, but invalid
For documentation on this error, please visit: https://www.selenium.dev/documentation/webdriver/troubleshooting/errors/driver_location/
Build info: version: '4.10.0', revision: 'c14d967899'
System info: os.name: 'Windows 10', os.arch: 'amd64', os.version: '10.0', java.version: '17.0.6'
Driver info: driver.version: SafariDriver]]>
            </message>
            <full-stacktrace>
              <![CDATA[org.openqa.selenium.remote.NoSuchDriverException: safaridriver located at C:\usr\bin\safaridriver, but invalid
For documentation on this error, please visit: https://www.selenium.dev/documentation/webdriver/troubleshooting/errors/driver_location/
Build info: version: '4.10.0', revision: 'c14d967899'
System info: os.name: 'Windows 10', os.arch: 'amd64', os.version: '10.0', java.version: '17.0.6'
Driver info: driver.version: SafariDriver
at org.openqa.selenium.remote.service.DriverFinder.getPath(DriverFinder.java:45)
at org.openqa.selenium.safari.SafariDriver.generateExecutor(SafariDriver.java:94)
at org.openqa.selenium.safari.SafariDriver.<init>(SafariDriver.java:83)
at org.openqa.selenium.safari.SafariDriver.<init>(SafariDriver.java:79)
at org.openqa.selenium.safari.SafariDriver.<init>(SafariDriver.java:56)
at org.openqa.selenium.safari.SafariDriver.<init>(SafariDriver.java:47)
at com.villeos.Villeos_Web_app.Base_class.Setup(Base_class.java:44)
at java.base/jdk.internal.reflect.NativeMethodAccessorImpl.invoke0(Native Method)
at java.base/jdk.internal.reflect.NativeMethodAccessorImpl.invoke(NativeMethodAccessorImpl.java:77)
at java.base/jdk.internal.reflect.DelegatingMethodAccessorImpl.invoke(DelegatingMethodAccessorImpl.java:43)
at java.base/java.lang.reflect.Method.invoke(Method.java:568)
at org.testng.internal.invokers.MethodInvocationHelper.invokeMethod(MethodInvocationHelper.java:139)
at org.testng.internal.invokers.MethodInvocationHelper.invokeMethodConsideringTimeout(MethodInvocationHelper.java:69)
at org.testng.internal.invokers.ConfigInvoker.invokeConfigurationMethod(ConfigInvoker.java:390)
at org.testng.internal.invokers.ConfigInvoker.invokeConfigurations(ConfigInvoker.java:325)
at org.testng.TestRunner.invokeTestConfigurations(TestRunner.java:663)
at org.testng.TestRunner.beforeRun(TestRunner.java:652)
at org.testng.TestRunner.run(TestRunner.java:614)
at org.testng.SuiteRunner.runTest(SuiteRunner.java:443)
at org.testng.SuiteRunner$SuiteWorker.run(SuiteRunner.java:481)
at org.testng.internal.thread.ThreadUtil.lambda$execute$0(ThreadUtil.java:58)
at java.base/java.util.concurrent.FutureTask.run(FutureTask.java:264)
at java.base/java.util.concurrent.ThreadPoolExecutor.runWorker(ThreadPoolExecutor.java:1136)
at java.base/java.util.concurrent.ThreadPoolExecutor$Worker.run(ThreadPoolExecutor.java:635)
at java.base/java.lang.Thread.run(Thread.java:833)
]]>
            </full-stacktrace>
          </exception> <!-- org.openqa.selenium.remote.NoSuchDriverException -->
          <reporter-output>
          </reporter-output>
        </test-method> <!-- Setup -->
        <test-method signature="url()[pri:0, instance:com.villeos.Villeos_Web_app.NewTest@2e385cce]" started-at="2023-08-19T07:55:51 IST" name="url" finished-at="2023-08-19T07:55:51 IST" duration-ms="0" status="SKIP">
          <exception class="org.openqa.selenium.remote.NoSuchDriverException">
            <message>
              <![CDATA[safaridriver located at C:\usr\bin\safaridriver, but invalid
For documentation on this error, please visit: https://www.selenium.dev/documentation/webdriver/troubleshooting/errors/driver_location/
Build info: version: '4.10.0', revision: 'c14d967899'
System info: os.name: 'Windows 10', os.arch: 'amd64', os.version: '10.0', java.version: '17.0.6'
Driver info: driver.version: SafariDriver]]>
            </message>
            <full-stacktrace>
              <![CDATA[org.openqa.selenium.remote.NoSuchDriverException: safaridriver located at C:\usr\bin\safaridriver, but invalid
For documentation on this error, please visit: https://www.selenium.dev/documentation/webdriver/troubleshooting/errors/driver_location/
Build info: version: '4.10.0', revision: 'c14d967899'
System info: os.name: 'Windows 10', os.arch: 'amd64', os.version: '10.0', java.version: '17.0.6'
Driver info: driver.version: SafariDriver
at org.openqa.selenium.remote.service.DriverFinder.getPath(DriverFinder.java:45)
at org.openqa.selenium.safari.SafariDriver.generateExecutor(SafariDriver.java:94)
at org.openqa.selenium.safari.SafariDriver.<init>(SafariDriver.java:83)
at org.openqa.selenium.safari.SafariDriver.<init>(SafariDriver.java:79)
at org.openqa.selenium.safari.SafariDriver.<init>(SafariDriver.java:56)
at org.openqa.selenium.safari.SafariDriver.<init>(SafariDriver.java:47)
at com.villeos.Villeos_Web_app.Base_class.Setup(Base_class.java:44)
at java.base/jdk.internal.reflect.NativeMethodAccessorImpl.invoke0(Native Method)
at java.base/jdk.internal.reflect.NativeMethodAccessorImpl.invoke(NativeMethodAccessorImpl.java:77)
at java.base/jdk.internal.reflect.DelegatingMethodAccessorImpl.invoke(DelegatingMethodAccessorImpl.java:43)
at java.base/java.lang.reflect.Method.invoke(Method.java:568)
at org.testng.internal.invokers.MethodInvocationHelper.invokeMethod(MethodInvocationHelper.java:139)
at org.testng.internal.invokers.MethodInvocationHelper.invokeMethodConsideringTimeout(MethodInvocationHelper.java:69)
at org.testng.internal.invokers.ConfigInvoker.invokeConfigurationMethod(ConfigInvoker.java:390)
at org.testng.internal.invokers.ConfigInvoker.invokeConfigurations(ConfigInvoker.java:325)
at org.testng.TestRunner.invokeTestConfigurations(TestRunner.java:663)
at org.testng.TestRunner.beforeRun(TestRunner.java:652)
at org.testng.TestRunner.run(TestRunner.java:614)
at org.testng.SuiteRunner.runTest(SuiteRunner.java:443)
at org.testng.SuiteRunner$SuiteWorker.run(SuiteRunner.java:481)
at org.testng.internal.thread.ThreadUtil.lambda$execute$0(ThreadUtil.java:58)
at java.base/java.util.concurrent.FutureTask.run(FutureTask.java:264)
at java.base/java.util.concurrent.ThreadPoolExecutor.runWorker(ThreadPoolExecutor.java:1136)
at java.base/java.util.concurrent.ThreadPoolExecutor$Worker.run(ThreadPoolExecutor.java:635)
at java.base/java.lang.Thread.run(Thread.java:833)
]]>
            </full-stacktrace>
          </exception> <!-- org.openqa.selenium.remote.NoSuchDriverException -->
          <reporter-output>
          </reporter-output>
        </test-method> <!-- url -->
        <test-method is-config="true" signature="Teardown()[pri:0, instance:com.villeos.Villeos_Web_app.NewTest@2e385cce]" started-at="2023-08-19T07:55:51 IST" name="Teardown" finished-at="2023-08-19T07:55:51 IST" duration-ms="0" status="SKIP">
          <reporter-output>
          </reporter-output>
        </test-method> <!-- Teardown -->
      </class> <!-- com.villeos.Villeos_Web_app.NewTest -->
    </test> <!-- safariTest -->
    <test started-at="2023-08-19T07:55:51 IST" name="edgeTest" finished-at="2023-08-19T07:56:20 IST" duration-ms="29258">
      <class name="com.villeos.Villeos_Web_app.NewTest">
        <test-method is-config="true" signature="Setup(java.lang.String)[pri:0, instance:com.villeos.Villeos_Web_app.NewTest@3646a422]" started-at="2023-08-19T07:55:51 IST" name="Setup" finished-at="2023-08-19T07:55:58 IST" duration-ms="7122" status="PASS">
          <params>
            <param index="0">
              <value>
                <![CDATA[edge]]>
              </value>
            </param>
          </params>
          <reporter-output>
          </reporter-output>
        </test-method> <!-- Setup -->
        <test-method signature="url()[pri:0, instance:com.villeos.Villeos_Web_app.NewTest@3646a422]" started-at="2023-08-19T07:55:58 IST" name="url" finished-at="2023-08-19T07:56:17 IST" duration-ms="19050" status="PASS">
          <reporter-output>
          </reporter-output>
        </test-method> <!-- url -->
        <test-method is-config="true" signature="Teardown()[pri:0, instance:com.villeos.Villeos_Web_app.NewTest@3646a422]" started-at="2023-08-19T07:56:17 IST" name="Teardown" finished-at="2023-08-19T07:56:20 IST" duration-ms="3052" status="PASS">
          <reporter-output>
          </reporter-output>
        </test-method> <!-- Teardown -->
      </class> <!-- com.villeos.Villeos_Web_app.NewTest -->
    </test> <!-- edgeTest -->
    <test started-at="2023-08-19T07:55:51 IST" name="chromeTest" finished-at="2023-08-19T07:56:20 IST" duration-ms="29598">
      <class name="com.villeos.Villeos_Web_app.NewTest">
        <test-method is-config="true" signature="Setup(java.lang.String)[pri:0, instance:com.villeos.Villeos_Web_app.NewTest@73e9cf30]" started-at="2023-08-19T07:55:51 IST" name="Setup" finished-at="2023-08-19T07:55:58 IST" duration-ms="7119" status="PASS">
          <params>
            <param index="0">
              <value>
                <![CDATA[chrome]]>
              </value>
            </param>
          </params>
          <reporter-output>
          </reporter-output>
        </test-method> <!-- Setup -->
        <test-method signature="url()[pri:0, instance:com.villeos.Villeos_Web_app.NewTest@73e9cf30]" started-at="2023-08-19T07:55:58 IST" name="url" finished-at="2023-08-19T07:56:18 IST" duration-ms="20409" status="PASS">
          <reporter-output>
          </reporter-output>
        </test-method> <!-- url -->
        <test-method is-config="true" signature="Teardown()[pri:0, instance:com.villeos.Villeos_Web_app.NewTest@73e9cf30]" started-at="2023-08-19T07:56:18 IST" name="Teardown" finished-at="2023-08-19T07:56:20 IST" duration-ms="2033" status="PASS">
          <reporter-output>
          </reporter-output>
        </test-method> <!-- Teardown -->
      </class> <!-- com.villeos.Villeos_Web_app.NewTest -->
    </test> <!-- chromeTest -->
    <test started-at="2023-08-19T07:55:51 IST" name="firefoxTest" finished-at="2023-08-19T07:56:25 IST" duration-ms="34652">
      <class name="com.villeos.Villeos_Web_app.NewTest">
        <test-method is-config="true" signature="Setup(java.lang.String)[pri:0, instance:com.villeos.Villeos_Web_app.NewTest@2892d68]" started-at="2023-08-19T07:55:51 IST" name="Setup" finished-at="2023-08-19T07:56:10 IST" duration-ms="19553" status="PASS">
          <params>
            <param index="0">
              <value>
                <![CDATA[firefox]]>
              </value>
            </param>
          </params>
          <reporter-output>
          </reporter-output>
        </test-method> <!-- Setup -->
        <test-method signature="url()[pri:0, instance:com.villeos.Villeos_Web_app.NewTest@2892d68]" started-at="2023-08-19T07:56:10 IST" name="url" finished-at="2023-08-19T07:56:19 IST" duration-ms="8332" status="PASS">
          <reporter-output>
          </reporter-output>
        </test-method> <!-- url -->
        <test-method is-config="true" signature="Teardown()[pri:0, instance:com.villeos.Villeos_Web_app.NewTest@2892d68]" started-at="2023-08-19T07:56:19 IST" name="Teardown" finished-at="2023-08-19T07:56:25 IST" duration-ms="6740" status="PASS">
          <reporter-output>
          </reporter-output>
        </test-method> <!-- Teardown -->
      </class> <!-- com.villeos.Villeos_Web_app.NewTest -->
    </test> <!-- firefoxTest -->
  </suite> <!-- Suite -->
</testng-results>
